mode: set
github.com/th1enq/server_management_system/internal/handler/auth_handler.go:18.88,23.2 1 1
github.com/th1enq/server_management_system/internal/handler/auth_handler.go:53.45,55.47 2 1
github.com/th1enq/server_management_system/internal/handler/auth_handler.go:55.47,58.3 2 1
github.com/th1enq/server_management_system/internal/handler/auth_handler.go:60.2,61.16 2 1
github.com/th1enq/server_management_system/internal/handler/auth_handler.go:61.16,64.3 2 1
github.com/th1enq/server_management_system/internal/handler/auth_handler.go:66.2,66.33 1 1
github.com/th1enq/server_management_system/internal/handler/auth_handler.go:80.48,82.47 2 1
github.com/th1enq/server_management_system/internal/handler/auth_handler.go:82.47,85.3 2 1
github.com/th1enq/server_management_system/internal/handler/auth_handler.go:87.2,98.16 3 1
github.com/th1enq/server_management_system/internal/handler/auth_handler.go:98.16,101.3 2 1
github.com/th1enq/server_management_system/internal/handler/auth_handler.go:103.2,103.38 1 1
github.com/th1enq/server_management_system/internal/handler/auth_handler.go:117.52,119.47 2 1
github.com/th1enq/server_management_system/internal/handler/auth_handler.go:119.47,122.3 2 1
github.com/th1enq/server_management_system/internal/handler/auth_handler.go:124.2,125.16 2 1
github.com/th1enq/server_management_system/internal/handler/auth_handler.go:125.16,128.3 2 1
github.com/th1enq/server_management_system/internal/handler/auth_handler.go:130.2,130.33 1 1
github.com/th1enq/server_management_system/internal/handler/auth_handler.go:141.46,143.13 2 1
github.com/th1enq/server_management_system/internal/handler/auth_handler.go:143.13,146.3 2 1
github.com/th1enq/server_management_system/internal/handler/auth_handler.go:148.2,149.16 2 1
github.com/th1enq/server_management_system/internal/handler/auth_handler.go:149.16,153.3 3 1
github.com/th1enq/server_management_system/internal/handler/auth_handler.go:155.2,155.68 1 1
github.com/th1enq/server_management_system/internal/handler/report_handler.go:26.92,31.2 1 0
github.com/th1enq/server_management_system/internal/handler/report_handler.go:43.57,45.16 2 0
github.com/th1enq/server_management_system/internal/handler/report_handler.go:45.16,54.3 3 0
github.com/th1enq/server_management_system/internal/handler/report_handler.go:55.2,61.4 1 0
github.com/th1enq/server_management_system/internal/handler/report_handler.go:76.58,78.47 2 0
github.com/th1enq/server_management_system/internal/handler/report_handler.go:78.47,85.3 2 0
github.com/th1enq/server_management_system/internal/handler/report_handler.go:87.2,90.16 3 0
github.com/th1enq/server_management_system/internal/handler/report_handler.go:90.16,97.3 2 0
github.com/th1enq/server_management_system/internal/handler/report_handler.go:99.2,100.16 2 0
github.com/th1enq/server_management_system/internal/handler/report_handler.go:100.16,107.3 2 0
github.com/th1enq/server_management_system/internal/handler/report_handler.go:109.2,110.16 2 0
github.com/th1enq/server_management_system/internal/handler/report_handler.go:110.16,118.3 2 0
github.com/th1enq/server_management_system/internal/handler/report_handler.go:120.2,128.4 1 0
github.com/th1enq/server_management_system/internal/handler/server_handler.go:19.92,24.2 1 0
github.com/th1enq/server_management_system/internal/handler/server_handler.go:39.54,41.58 2 0
github.com/th1enq/server_management_system/internal/handler/server_handler.go:41.58,48.3 2 0
github.com/th1enq/server_management_system/internal/handler/server_handler.go:50.2,51.16 2 0
github.com/th1enq/server_management_system/internal/handler/server_handler.go:51.16,56.62 3 0
github.com/th1enq/server_management_system/internal/handler/server_handler.go:56.62,59.4 2 0
github.com/th1enq/server_management_system/internal/handler/server_handler.go:59.9,59.55 1 0
github.com/th1enq/server_management_system/internal/handler/server_handler.go:59.55,62.4 2 0
github.com/th1enq/server_management_system/internal/handler/server_handler.go:64.3,65.9 2 0
github.com/th1enq/server_management_system/internal/handler/server_handler.go:67.2,71.4 1 0
github.com/th1enq/server_management_system/internal/handler/server_handler.go:95.52,99.51 3 0
github.com/th1enq/server_management_system/internal/handler/server_handler.go:99.51,106.3 2 0
github.com/th1enq/server_management_system/internal/handler/server_handler.go:108.2,108.55 1 0
github.com/th1enq/server_management_system/internal/handler/server_handler.go:108.55,115.3 2 0
github.com/th1enq/server_management_system/internal/handler/server_handler.go:117.2,117.25 1 0
github.com/th1enq/server_management_system/internal/handler/server_handler.go:117.25,119.3 1 0
github.com/th1enq/server_management_system/internal/handler/server_handler.go:120.2,120.58 1 0
github.com/th1enq/server_management_system/internal/handler/server_handler.go:120.58,122.3 1 0
github.com/th1enq/server_management_system/internal/handler/server_handler.go:124.2,125.16 2 0
github.com/th1enq/server_management_system/internal/handler/server_handler.go:125.16,132.3 2 0
github.com/th1enq/server_management_system/internal/handler/server_handler.go:134.2,138.4 1 0
github.com/th1enq/server_management_system/internal/handler/server_handler.go:156.54,158.16 2 0
github.com/th1enq/server_management_system/internal/handler/server_handler.go:158.16,165.3 2 0
github.com/th1enq/server_management_system/internal/handler/server_handler.go:166.2,167.62 2 0
github.com/th1enq/server_management_system/internal/handler/server_handler.go:167.62,173.3 1 0
github.com/th1enq/server_management_system/internal/handler/server_handler.go:174.2,175.16 2 0
github.com/th1enq/server_management_system/internal/handler/server_handler.go:175.16,179.40 3 0
github.com/th1enq/server_management_system/internal/handler/server_handler.go:179.40,182.4 2 0
github.com/th1enq/server_management_system/internal/handler/server_handler.go:182.9,182.65 1 0
github.com/th1enq/server_management_system/internal/handler/server_handler.go:182.65,185.4 2 0
github.com/th1enq/server_management_system/internal/handler/server_handler.go:187.3,188.9 2 0
github.com/th1enq/server_management_system/internal/handler/server_handler.go:190.2,194.4 1 0
github.com/th1enq/server_management_system/internal/handler/server_handler.go:209.54,211.16 2 0
github.com/th1enq/server_management_system/internal/handler/server_handler.go:211.16,218.3 2 0
github.com/th1enq/server_management_system/internal/handler/server_handler.go:219.2,220.16 2 0
github.com/th1enq/server_management_system/internal/handler/server_handler.go:220.16,225.40 3 0
github.com/th1enq/server_management_system/internal/handler/server_handler.go:225.40,228.4 2 0
github.com/th1enq/server_management_system/internal/handler/server_handler.go:230.3,231.9 2 0
github.com/th1enq/server_management_system/internal/handler/server_handler.go:234.2,238.4 1 0
github.com/th1enq/server_management_system/internal/handler/server_handler.go:253.55,256.16 3 0
github.com/th1enq/server_management_system/internal/handler/server_handler.go:256.16,263.3 2 0
github.com/th1enq/server_management_system/internal/handler/server_handler.go:264.2,265.59 2 0
github.com/th1enq/server_management_system/internal/handler/server_handler.go:265.59,272.3 2 0
github.com/th1enq/server_management_system/internal/handler/server_handler.go:273.2,274.16 2 0
github.com/th1enq/server_management_system/internal/handler/server_handler.go:274.16,281.3 2 0
github.com/th1enq/server_management_system/internal/handler/server_handler.go:283.2,287.4 1 0
github.com/th1enq/server_management_system/internal/handler/server_handler.go:311.55,316.51 3 0
github.com/th1enq/server_management_system/internal/handler/server_handler.go:316.51,323.3 2 0
github.com/th1enq/server_management_system/internal/handler/server_handler.go:325.2,325.55 1 0
github.com/th1enq/server_management_system/internal/handler/server_handler.go:325.55,332.3 2 0
github.com/th1enq/server_management_system/internal/handler/server_handler.go:335.2,335.30 1 0
github.com/th1enq/server_management_system/internal/handler/server_handler.go:335.30,337.3 1 0
github.com/th1enq/server_management_system/internal/handler/server_handler.go:339.2,340.16 2 0
github.com/th1enq/server_management_system/internal/handler/server_handler.go:340.16,347.3 2 0
github.com/th1enq/server_management_system/internal/handler/server_handler.go:349.2,353.18 5 0
github.com/th1enq/server_management_system/internal/handler/user_handler.go:20.88,25.2 1 0
github.com/th1enq/server_management_system/internal/handler/user_handler.go:37.50,39.13 2 0
github.com/th1enq/server_management_system/internal/handler/user_handler.go:39.13,42.3 2 0
github.com/th1enq/server_management_system/internal/handler/user_handler.go:44.2,45.16 2 0
github.com/th1enq/server_management_system/internal/handler/user_handler.go:45.16,48.3 2 0
github.com/th1enq/server_management_system/internal/handler/user_handler.go:50.2,50.29 1 0
github.com/th1enq/server_management_system/internal/handler/user_handler.go:65.53,67.13 2 0
github.com/th1enq/server_management_system/internal/handler/user_handler.go:67.13,70.3 2 0
github.com/th1enq/server_management_system/internal/handler/user_handler.go:72.2,73.51 2 0
github.com/th1enq/server_management_system/internal/handler/user_handler.go:73.51,76.3 2 0
github.com/th1enq/server_management_system/internal/handler/user_handler.go:79.2,87.16 8 0
github.com/th1enq/server_management_system/internal/handler/user_handler.go:87.16,90.3 2 0
github.com/th1enq/server_management_system/internal/handler/user_handler.go:92.2,92.29 1 0
github.com/th1enq/server_management_system/internal/handler/user_handler.go:107.54,109.13 2 0
github.com/th1enq/server_management_system/internal/handler/user_handler.go:109.13,112.3 2 0
github.com/th1enq/server_management_system/internal/handler/user_handler.go:114.2,119.47 2 0
github.com/th1enq/server_management_system/internal/handler/user_handler.go:119.47,122.3 2 0
github.com/th1enq/server_management_system/internal/handler/user_handler.go:125.2,126.16 2 0
github.com/th1enq/server_management_system/internal/handler/user_handler.go:126.16,129.3 2 0
github.com/th1enq/server_management_system/internal/handler/user_handler.go:132.2,132.64 1 0
github.com/th1enq/server_management_system/internal/handler/user_handler.go:132.64,135.3 2 0
github.com/th1enq/server_management_system/internal/handler/user_handler.go:138.2,143.16 3 0
github.com/th1enq/server_management_system/internal/handler/user_handler.go:143.16,146.3 2 0
github.com/th1enq/server_management_system/internal/handler/user_handler.go:148.2,148.74 1 0
github.com/th1enq/server_management_system/internal/handler/user_handler.go:163.49,168.36 3 0
github.com/th1enq/server_management_system/internal/handler/user_handler.go:168.36,169.63 1 0
github.com/th1enq/server_management_system/internal/handler/user_handler.go:169.63,171.4 1 0
github.com/th1enq/server_management_system/internal/handler/user_handler.go:174.2,174.37 1 0
github.com/th1enq/server_management_system/internal/handler/user_handler.go:174.37,175.64 1 0
github.com/th1enq/server_management_system/internal/handler/user_handler.go:175.64,177.4 1 0
github.com/th1enq/server_management_system/internal/handler/user_handler.go:180.2,181.16 2 0
github.com/th1enq/server_management_system/internal/handler/user_handler.go:181.16,184.3 2 0
github.com/th1enq/server_management_system/internal/handler/user_handler.go:186.2,186.30 1 0
github.com/th1enq/server_management_system/internal/handler/user_handler.go:202.50,204.47 2 0
github.com/th1enq/server_management_system/internal/handler/user_handler.go:204.47,207.3 2 0
github.com/th1enq/server_management_system/internal/handler/user_handler.go:209.2,219.76 2 0
github.com/th1enq/server_management_system/internal/handler/user_handler.go:219.76,222.3 2 0
github.com/th1enq/server_management_system/internal/handler/user_handler.go:225.2,226.16 2 0
github.com/th1enq/server_management_system/internal/handler/user_handler.go:226.16,229.3 2 0
github.com/th1enq/server_management_system/internal/handler/user_handler.go:231.2,231.41 1 0
github.com/th1enq/server_management_system/internal/handler/user_handler.go:249.50,252.16 3 0
github.com/th1enq/server_management_system/internal/handler/user_handler.go:252.16,255.3 2 0
github.com/th1enq/server_management_system/internal/handler/user_handler.go:257.2,258.51 2 0
github.com/th1enq/server_management_system/internal/handler/user_handler.go:258.51,261.3 2 0
github.com/th1enq/server_management_system/internal/handler/user_handler.go:263.2,264.16 2 0
github.com/th1enq/server_management_system/internal/handler/user_handler.go:264.16,267.3 2 0
github.com/th1enq/server_management_system/internal/handler/user_handler.go:269.2,269.29 1 0
github.com/th1enq/server_management_system/internal/handler/user_handler.go:284.50,287.16 3 0
github.com/th1enq/server_management_system/internal/handler/user_handler.go:287.16,290.3 2 0
github.com/th1enq/server_management_system/internal/handler/user_handler.go:292.2,292.80 1 0
github.com/th1enq/server_management_system/internal/handler/user_handler.go:292.80,295.3 2 0
github.com/th1enq/server_management_system/internal/handler/user_handler.go:297.2,297.32 1 0
