mode: set
github.com/th1enq/server_management_system/cmd/migrate/main.go:24.13,29.62 4 0
github.com/th1enq/server_management_system/cmd/migrate/main.go:29.62,32.3 2 0
github.com/th1enq/server_management_system/cmd/migrate/main.go:34.2,38.16 3 0
github.com/th1enq/server_management_system/cmd/migrate/main.go:38.16,39.62 1 0
github.com/th1enq/server_management_system/cmd/migrate/main.go:42.2,47.16 4 0
github.com/th1enq/server_management_system/cmd/migrate/main.go:47.16,49.3 1 0
github.com/th1enq/server_management_system/cmd/migrate/main.go:51.2,51.15 1 0
github.com/th1enq/server_management_system/cmd/migrate/main.go:51.15,52.36 1 0
github.com/th1enq/server_management_system/cmd/migrate/main.go:52.36,54.4 1 0
github.com/th1enq/server_management_system/cmd/migrate/main.go:57.2,57.66 1 0
github.com/th1enq/server_management_system/cmd/migrate/main.go:57.66,59.3 1 0
github.com/th1enq/server_management_system/cmd/migrate/main.go:62.14,66.2 3 0
github.com/th1enq/server_management_system/cmd/server/main.go:31.13,33.16 2 0
github.com/th1enq/server_management_system/cmd/server/main.go:33.16,34.55 1 0
github.com/th1enq/server_management_system/cmd/server/main.go:36.2,37.13 2 0
github.com/th1enq/server_management_system/docs/docs.go:1552.13,1554.2 1 0
github.com/th1enq/server_management_system/internal/api/http/handler.go:18.179,25.2 1 0
github.com/th1enq/server_management_system/internal/api/http/handler.go:27.48,31.45 3 0
github.com/th1enq/server_management_system/internal/api/http/handler.go:31.45,35.3 1 0
github.com/th1enq/server_management_system/internal/api/http/handler.go:38.2,44.2 4 0
github.com/th1enq/server_management_system/internal/api/http/handler.go:44.2,48.3 3 0
github.com/th1enq/server_management_system/internal/api/http/handler.go:51.2,53.2 3 0
github.com/th1enq/server_management_system/internal/api/http/handler.go:53.2,58.3 4 0
github.com/th1enq/server_management_system/internal/api/http/handler.go:61.2,63.2 3 0
github.com/th1enq/server_management_system/internal/api/http/handler.go:63.2,75.3 6 0
github.com/th1enq/server_management_system/internal/api/http/handler.go:78.2,80.2 3 0
github.com/th1enq/server_management_system/internal/api/http/handler.go:80.2,83.3 2 0
github.com/th1enq/server_management_system/internal/api/http/handler.go:86.2,89.2 4 0
github.com/th1enq/server_management_system/internal/api/http/handler.go:89.2,94.3 4 0
github.com/th1enq/server_management_system/internal/api/http/handler.go:96.2,96.15 1 0
github.com/th1enq/server_management_system/internal/api/http/server.go:22.88,28.2 1 0
github.com/th1enq/server_management_system/internal/api/http/server.go:30.51,36.79 3 0
github.com/th1enq/server_management_system/internal/api/http/server.go:36.79,38.3 1 0
github.com/th1enq/server_management_system/internal/api/http/server.go:39.2,39.12 1 0
github.com/th1enq/server_management_system/internal/api/jobs/interval_check_status.go:17.87,21.2 1 0
github.com/th1enq/server_management_system/internal/api/jobs/interval_check_status.go:22.62,24.2 1 0
github.com/th1enq/server_management_system/internal/api/jobs/send_daily_report.go:18.79,22.2 1 0
github.com/th1enq/server_management_system/internal/api/jobs/send_daily_report.go:23.58,25.2 1 0
github.com/th1enq/server_management_system/internal/app/standalone_server.go:23.197,31.2 1 0
github.com/th1enq/server_management_system/internal/app/standalone_server.go:33.79,37.25 1 0
github.com/th1enq/server_management_system/internal/app/standalone_server.go:37.25,39.70 2 0
github.com/th1enq/server_management_system/internal/app/standalone_server.go:39.70,41.5 1 0
github.com/th1enq/server_management_system/internal/app/standalone_server.go:41.10,43.5 1 0
github.com/th1enq/server_management_system/internal/app/standalone_server.go:45.16,48.3 2 0
github.com/th1enq/server_management_system/internal/app/standalone_server.go:49.2,54.25 2 0
github.com/th1enq/server_management_system/internal/app/standalone_server.go:54.25,56.74 2 0
github.com/th1enq/server_management_system/internal/app/standalone_server.go:56.74,58.5 1 0
github.com/th1enq/server_management_system/internal/app/standalone_server.go:58.10,60.5 1 0
github.com/th1enq/server_management_system/internal/app/standalone_server.go:62.16,65.3 2 0
github.com/th1enq/server_management_system/internal/app/standalone_server.go:66.2,68.12 2 0
github.com/th1enq/server_management_system/internal/app/standalone_server.go:71.42,73.16 2 0
github.com/th1enq/server_management_system/internal/app/standalone_server.go:73.16,76.3 2 0
github.com/th1enq/server_management_system/internal/app/standalone_server.go:78.2,79.16 2 0
github.com/th1enq/server_management_system/internal/app/standalone_server.go:79.16,82.3 2 0
github.com/th1enq/server_management_system/internal/app/standalone_server.go:85.2,89.12 3 0
github.com/th1enq/server_management_system/internal/app/standalone_server.go:89.12,91.26 2 0
github.com/th1enq/server_management_system/internal/app/standalone_server.go:91.26,93.4 1 0
github.com/th1enq/server_management_system/internal/app/standalone_server.go:97.2,101.61 3 0
github.com/th1enq/server_management_system/internal/app/standalone_server.go:101.61,103.3 1 0
github.com/th1enq/server_management_system/internal/app/standalone_server.go:103.8,105.3 1 0
github.com/th1enq/server_management_system/internal/app/standalone_server.go:107.2,107.12 1 0
github.com/th1enq/server_management_system/internal/configs/config.go:24.57,31.20 2 0
github.com/th1enq/server_management_system/internal/configs/config.go:31.20,33.17 2 0
github.com/th1enq/server_management_system/internal/configs/config.go:33.17,35.4 1 0
github.com/th1enq/server_management_system/internal/configs/config.go:38.2,39.16 2 0
github.com/th1enq/server_management_system/internal/configs/config.go:39.16,41.3 1 0
github.com/th1enq/server_management_system/internal/configs/config.go:42.2,42.20 1 0
github.com/th1enq/server_management_system/internal/configs/config.go:46.29,48.2 1 0
github.com/th1enq/server_management_system/internal/dataaccess/cache/cache.go:12.86,22.16 4 0
github.com/th1enq/server_management_system/internal/dataaccess/cache/cache.go:22.16,24.3 1 0
github.com/th1enq/server_management_system/internal/dataaccess/cache/cache.go:26.2,26.20 1 0
github.com/th1enq/server_management_system/internal/dataaccess/cache/cache.go:26.20,28.3 1 0
github.com/th1enq/server_management_system/internal/dataaccess/cache/cache.go:30.2,35.34 2 0
github.com/th1enq/server_management_system/internal/dataaccess/database/pgxpool.go:21.140,23.2 1 0
github.com/th1enq/server_management_system/internal/dataaccess/database/pgxpool.go:25.93,37.16 4 0
github.com/th1enq/server_management_system/internal/dataaccess/database/pgxpool.go:37.16,39.3 1 0
github.com/th1enq/server_management_system/internal/dataaccess/database/pgxpool.go:41.2,41.39 1 0
github.com/th1enq/server_management_system/internal/dataaccess/database/pgxpool.go:41.39,43.3 1 0
github.com/th1enq/server_management_system/internal/dataaccess/database/pgxpool.go:45.2,47.20 2 0
github.com/th1enq/server_management_system/internal/dataaccess/database/pgxpool.go:47.20,49.3 1 0
github.com/th1enq/server_management_system/internal/dataaccess/database/pgxpool.go:51.2,57.29 2 0
github.com/th1enq/server_management_system/internal/dataaccess/database/postgres.go:13.81,24.16 3 0
github.com/th1enq/server_management_system/internal/dataaccess/database/postgres.go:24.16,26.3 1 0
github.com/th1enq/server_management_system/internal/dataaccess/database/postgres.go:28.2,29.16 2 0
github.com/th1enq/server_management_system/internal/dataaccess/database/postgres.go:29.16,31.3 1 0
github.com/th1enq/server_management_system/internal/dataaccess/database/postgres.go:32.2,35.20 3 0
github.com/th1enq/server_management_system/internal/dataaccess/database/postgres.go:35.20,37.3 1 0
github.com/th1enq/server_management_system/internal/dataaccess/database/postgres.go:39.2,44.29 2 0
github.com/th1enq/server_management_system/internal/handler/auth_handler.go:20.122,26.2 1 0
github.com/th1enq/server_management_system/internal/handler/auth_handler.go:56.45,58.47 2 0
github.com/th1enq/server_management_system/internal/handler/auth_handler.go:58.47,61.3 2 0
github.com/th1enq/server_management_system/internal/handler/auth_handler.go:63.2,64.16 2 0
github.com/th1enq/server_management_system/internal/handler/auth_handler.go:64.16,67.3 2 0
github.com/th1enq/server_management_system/internal/handler/auth_handler.go:69.2,69.33 1 0
github.com/th1enq/server_management_system/internal/handler/auth_handler.go:83.48,85.47 2 0
github.com/th1enq/server_management_system/internal/handler/auth_handler.go:85.47,88.3 2 0
github.com/th1enq/server_management_system/internal/handler/auth_handler.go:90.2,101.16 3 0
github.com/th1enq/server_management_system/internal/handler/auth_handler.go:101.16,104.3 2 0
github.com/th1enq/server_management_system/internal/handler/auth_handler.go:106.2,106.38 1 0
github.com/th1enq/server_management_system/internal/handler/auth_handler.go:120.52,122.47 2 0
github.com/th1enq/server_management_system/internal/handler/auth_handler.go:122.47,125.3 2 0
github.com/th1enq/server_management_system/internal/handler/auth_handler.go:127.2,128.16 2 0
github.com/th1enq/server_management_system/internal/handler/auth_handler.go:128.16,131.3 2 0
github.com/th1enq/server_management_system/internal/handler/auth_handler.go:133.2,133.33 1 0
github.com/th1enq/server_management_system/internal/handler/auth_handler.go:144.46,146.13 2 0
github.com/th1enq/server_management_system/internal/handler/auth_handler.go:146.13,149.3 2 0
github.com/th1enq/server_management_system/internal/handler/auth_handler.go:151.2,152.16 2 0
github.com/th1enq/server_management_system/internal/handler/auth_handler.go:152.16,156.3 3 0
github.com/th1enq/server_management_system/internal/handler/auth_handler.go:158.2,158.68 1 0
github.com/th1enq/server_management_system/internal/handler/auth_handler.go:171.50,173.13 2 0
github.com/th1enq/server_management_system/internal/handler/auth_handler.go:173.13,176.3 2 0
github.com/th1enq/server_management_system/internal/handler/auth_handler.go:178.2,179.16 2 0
github.com/th1enq/server_management_system/internal/handler/auth_handler.go:179.16,182.3 2 0
github.com/th1enq/server_management_system/internal/handler/auth_handler.go:184.2,184.29 1 0
github.com/th1enq/server_management_system/internal/handler/auth_handler.go:199.53,201.13 2 0
github.com/th1enq/server_management_system/internal/handler/auth_handler.go:201.13,204.3 2 0
github.com/th1enq/server_management_system/internal/handler/auth_handler.go:206.2,207.51 2 0
github.com/th1enq/server_management_system/internal/handler/auth_handler.go:207.51,210.3 2 0
github.com/th1enq/server_management_system/internal/handler/auth_handler.go:213.2,221.16 8 0
github.com/th1enq/server_management_system/internal/handler/auth_handler.go:221.16,224.3 2 0
github.com/th1enq/server_management_system/internal/handler/auth_handler.go:226.2,226.29 1 0
github.com/th1enq/server_management_system/internal/handler/auth_handler.go:241.54,243.13 2 0
github.com/th1enq/server_management_system/internal/handler/auth_handler.go:243.13,246.3 2 0
github.com/th1enq/server_management_system/internal/handler/auth_handler.go:248.2,253.47 2 0
github.com/th1enq/server_management_system/internal/handler/auth_handler.go:253.47,256.3 2 0
github.com/th1enq/server_management_system/internal/handler/auth_handler.go:259.2,260.16 2 0
github.com/th1enq/server_management_system/internal/handler/auth_handler.go:260.16,263.3 2 0
github.com/th1enq/server_management_system/internal/handler/auth_handler.go:266.2,266.64 1 0
github.com/th1enq/server_management_system/internal/handler/auth_handler.go:266.64,269.3 2 0
github.com/th1enq/server_management_system/internal/handler/auth_handler.go:272.2,277.16 3 0
github.com/th1enq/server_management_system/internal/handler/auth_handler.go:277.16,280.3 2 0
github.com/th1enq/server_management_system/internal/handler/auth_handler.go:282.2,282.74 1 0
github.com/th1enq/server_management_system/internal/handler/auth_handler.go:297.49,302.36 3 0
github.com/th1enq/server_management_system/internal/handler/auth_handler.go:302.36,303.63 1 0
github.com/th1enq/server_management_system/internal/handler/auth_handler.go:303.63,305.4 1 0
github.com/th1enq/server_management_system/internal/handler/auth_handler.go:308.2,308.37 1 0
github.com/th1enq/server_management_system/internal/handler/auth_handler.go:308.37,309.64 1 0
github.com/th1enq/server_management_system/internal/handler/auth_handler.go:309.64,311.4 1 0
github.com/th1enq/server_management_system/internal/handler/auth_handler.go:314.2,315.16 2 0
github.com/th1enq/server_management_system/internal/handler/auth_handler.go:315.16,318.3 2 0
github.com/th1enq/server_management_system/internal/handler/auth_handler.go:320.2,320.30 1 0
github.com/th1enq/server_management_system/internal/handler/auth_handler.go:336.50,338.47 2 0
github.com/th1enq/server_management_system/internal/handler/auth_handler.go:338.47,341.3 2 0
github.com/th1enq/server_management_system/internal/handler/auth_handler.go:343.2,353.76 2 0
github.com/th1enq/server_management_system/internal/handler/auth_handler.go:353.76,356.3 2 0
github.com/th1enq/server_management_system/internal/handler/auth_handler.go:359.2,360.16 2 0
github.com/th1enq/server_management_system/internal/handler/auth_handler.go:360.16,363.3 2 0
github.com/th1enq/server_management_system/internal/handler/auth_handler.go:365.2,365.41 1 0
github.com/th1enq/server_management_system/internal/handler/auth_handler.go:383.50,386.16 3 0
github.com/th1enq/server_management_system/internal/handler/auth_handler.go:386.16,389.3 2 0
github.com/th1enq/server_management_system/internal/handler/auth_handler.go:391.2,392.51 2 0
github.com/th1enq/server_management_system/internal/handler/auth_handler.go:392.51,395.3 2 0
github.com/th1enq/server_management_system/internal/handler/auth_handler.go:397.2,398.16 2 0
github.com/th1enq/server_management_system/internal/handler/auth_handler.go:398.16,401.3 2 0
github.com/th1enq/server_management_system/internal/handler/auth_handler.go:403.2,403.29 1 0
github.com/th1enq/server_management_system/internal/handler/auth_handler.go:418.50,421.16 3 0
github.com/th1enq/server_management_system/internal/handler/auth_handler.go:421.16,424.3 2 0
github.com/th1enq/server_management_system/internal/handler/auth_handler.go:426.2,426.80 1 0
github.com/th1enq/server_management_system/internal/handler/auth_handler.go:426.80,429.3 2 0
github.com/th1enq/server_management_system/internal/handler/auth_handler.go:431.2,431.32 1 0
github.com/th1enq/server_management_system/internal/handler/report_handler.go:26.92,31.2 1 0
github.com/th1enq/server_management_system/internal/handler/report_handler.go:43.57,45.16 2 0
github.com/th1enq/server_management_system/internal/handler/report_handler.go:45.16,54.3 3 0
github.com/th1enq/server_management_system/internal/handler/report_handler.go:55.2,61.4 1 0
github.com/th1enq/server_management_system/internal/handler/report_handler.go:76.58,78.47 2 0
github.com/th1enq/server_management_system/internal/handler/report_handler.go:78.47,85.3 2 0
github.com/th1enq/server_management_system/internal/handler/report_handler.go:87.2,90.16 3 0
github.com/th1enq/server_management_system/internal/handler/report_handler.go:90.16,97.3 2 0
github.com/th1enq/server_management_system/internal/handler/report_handler.go:99.2,100.16 2 0
github.com/th1enq/server_management_system/internal/handler/report_handler.go:100.16,107.3 2 0
github.com/th1enq/server_management_system/internal/handler/report_handler.go:109.2,110.16 2 0
github.com/th1enq/server_management_system/internal/handler/report_handler.go:110.16,118.3 2 0
github.com/th1enq/server_management_system/internal/handler/report_handler.go:120.2,128.4 1 0
github.com/th1enq/server_management_system/internal/handler/server_handler.go:19.92,24.2 1 0
github.com/th1enq/server_management_system/internal/handler/server_handler.go:39.54,41.58 2 0
github.com/th1enq/server_management_system/internal/handler/server_handler.go:41.58,48.3 2 0
github.com/th1enq/server_management_system/internal/handler/server_handler.go:50.2,51.16 2 0
github.com/th1enq/server_management_system/internal/handler/server_handler.go:51.16,56.62 3 0
github.com/th1enq/server_management_system/internal/handler/server_handler.go:56.62,59.4 2 0
github.com/th1enq/server_management_system/internal/handler/server_handler.go:59.9,59.55 1 0
github.com/th1enq/server_management_system/internal/handler/server_handler.go:59.55,62.4 2 0
github.com/th1enq/server_management_system/internal/handler/server_handler.go:64.3,65.9 2 0
github.com/th1enq/server_management_system/internal/handler/server_handler.go:67.2,71.4 1 0
github.com/th1enq/server_management_system/internal/handler/server_handler.go:95.52,99.51 3 0
github.com/th1enq/server_management_system/internal/handler/server_handler.go:99.51,106.3 2 0
github.com/th1enq/server_management_system/internal/handler/server_handler.go:108.2,108.55 1 0
github.com/th1enq/server_management_system/internal/handler/server_handler.go:108.55,115.3 2 0
github.com/th1enq/server_management_system/internal/handler/server_handler.go:117.2,117.25 1 0
github.com/th1enq/server_management_system/internal/handler/server_handler.go:117.25,119.3 1 0
github.com/th1enq/server_management_system/internal/handler/server_handler.go:120.2,120.58 1 0
github.com/th1enq/server_management_system/internal/handler/server_handler.go:120.58,122.3 1 0
github.com/th1enq/server_management_system/internal/handler/server_handler.go:124.2,125.16 2 0
github.com/th1enq/server_management_system/internal/handler/server_handler.go:125.16,132.3 2 0
github.com/th1enq/server_management_system/internal/handler/server_handler.go:134.2,138.4 1 0
github.com/th1enq/server_management_system/internal/handler/server_handler.go:156.54,158.16 2 0
github.com/th1enq/server_management_system/internal/handler/server_handler.go:158.16,165.3 2 0
github.com/th1enq/server_management_system/internal/handler/server_handler.go:166.2,167.62 2 0
github.com/th1enq/server_management_system/internal/handler/server_handler.go:167.62,173.3 1 0
github.com/th1enq/server_management_system/internal/handler/server_handler.go:174.2,175.16 2 0
github.com/th1enq/server_management_system/internal/handler/server_handler.go:175.16,179.40 3 0
github.com/th1enq/server_management_system/internal/handler/server_handler.go:179.40,182.4 2 0
github.com/th1enq/server_management_system/internal/handler/server_handler.go:182.9,182.65 1 0
github.com/th1enq/server_management_system/internal/handler/server_handler.go:182.65,185.4 2 0
github.com/th1enq/server_management_system/internal/handler/server_handler.go:187.3,188.9 2 0
github.com/th1enq/server_management_system/internal/handler/server_handler.go:190.2,194.4 1 0
github.com/th1enq/server_management_system/internal/handler/server_handler.go:209.54,211.16 2 0
github.com/th1enq/server_management_system/internal/handler/server_handler.go:211.16,218.3 2 0
github.com/th1enq/server_management_system/internal/handler/server_handler.go:219.2,220.16 2 0
github.com/th1enq/server_management_system/internal/handler/server_handler.go:220.16,225.40 3 0
github.com/th1enq/server_management_system/internal/handler/server_handler.go:225.40,228.4 2 0
github.com/th1enq/server_management_system/internal/handler/server_handler.go:230.3,231.9 2 0
github.com/th1enq/server_management_system/internal/handler/server_handler.go:234.2,238.4 1 0
github.com/th1enq/server_management_system/internal/handler/server_handler.go:253.55,256.16 3 0
github.com/th1enq/server_management_system/internal/handler/server_handler.go:256.16,263.3 2 0
github.com/th1enq/server_management_system/internal/handler/server_handler.go:264.2,265.59 2 0
github.com/th1enq/server_management_system/internal/handler/server_handler.go:265.59,272.3 2 0
github.com/th1enq/server_management_system/internal/handler/server_handler.go:273.2,274.16 2 0
github.com/th1enq/server_management_system/internal/handler/server_handler.go:274.16,281.3 2 0
github.com/th1enq/server_management_system/internal/handler/server_handler.go:283.2,287.4 1 0
github.com/th1enq/server_management_system/internal/handler/server_handler.go:311.55,316.51 3 0
github.com/th1enq/server_management_system/internal/handler/server_handler.go:316.51,323.3 2 0
github.com/th1enq/server_management_system/internal/handler/server_handler.go:325.2,325.55 1 0
github.com/th1enq/server_management_system/internal/handler/server_handler.go:325.55,332.3 2 0
github.com/th1enq/server_management_system/internal/handler/server_handler.go:335.2,335.30 1 0
github.com/th1enq/server_management_system/internal/handler/server_handler.go:335.30,337.3 1 0
github.com/th1enq/server_management_system/internal/handler/server_handler.go:339.2,340.16 2 0
github.com/th1enq/server_management_system/internal/handler/server_handler.go:340.16,347.3 2 0
github.com/th1enq/server_management_system/internal/handler/server_handler.go:349.2,353.18 5 0
github.com/th1enq/server_management_system/internal/dataaccess/elasticsearch/elasticsearch.go:9.110,15.16 3 0
github.com/th1enq/server_management_system/internal/dataaccess/elasticsearch/elasticsearch.go:15.16,17.3 1 0
github.com/th1enq/server_management_system/internal/dataaccess/elasticsearch/elasticsearch.go:19.2,21.20 2 0
github.com/th1enq/server_management_system/internal/dataaccess/elasticsearch/elasticsearch.go:21.21,23.3 0 0
github.com/th1enq/server_management_system/internal/dataaccess/elasticsearch/elasticsearch.go:25.2,29.31 2 0
github.com/th1enq/server_management_system/internal/models/response.go:42.78,49.2 1 0
github.com/th1enq/server_management_system/internal/models/response.go:52.79,63.2 1 0
github.com/th1enq/server_management_system/internal/models/user.go:45.49,46.14 1 0
github.com/th1enq/server_management_system/internal/models/user.go:47.17,54.4 1 0
github.com/th1enq/server_management_system/internal/models/user.go:55.16,60.4 1 0
github.com/th1enq/server_management_system/internal/models/user.go:61.10,62.38 1 0
github.com/th1enq/server_management_system/internal/models/user.go:79.51,80.20 1 0
github.com/th1enq/server_management_system/internal/models/user.go:80.20,82.3 1 0
github.com/th1enq/server_management_system/internal/models/user.go:84.2,85.16 2 0
github.com/th1enq/server_management_system/internal/models/user.go:85.16,87.3 1 0
github.com/th1enq/server_management_system/internal/models/user.go:89.2,90.12 2 0
github.com/th1enq/server_management_system/internal/models/user.go:93.53,95.2 1 0
github.com/th1enq/server_management_system/internal/middleware/auth_middleware.go:18.94,23.2 1 1
github.com/th1enq/server_management_system/internal/middleware/auth_middleware.go:26.56,27.30 1 1
github.com/th1enq/server_management_system/internal/middleware/auth_middleware.go:27.30,29.18 2 1
github.com/th1enq/server_management_system/internal/middleware/auth_middleware.go:29.18,33.4 3 1
github.com/th1enq/server_management_system/internal/middleware/auth_middleware.go:35.3,36.17 2 1
github.com/th1enq/server_management_system/internal/middleware/auth_middleware.go:36.17,41.4 4 1
github.com/th1enq/server_management_system/internal/middleware/auth_middleware.go:44.3,51.11 7 1
github.com/th1enq/server_management_system/internal/middleware/auth_middleware.go:56.75,57.30 1 1
github.com/th1enq/server_management_system/internal/middleware/auth_middleware.go:57.30,60.14 2 1
github.com/th1enq/server_management_system/internal/middleware/auth_middleware.go:60.14,64.4 3 0
github.com/th1enq/server_management_system/internal/middleware/auth_middleware.go:66.3,67.10 2 1
github.com/th1enq/server_management_system/internal/middleware/auth_middleware.go:67.10,71.4 3 0
github.com/th1enq/server_management_system/internal/middleware/auth_middleware.go:73.3,73.31 1 1
github.com/th1enq/server_management_system/internal/middleware/auth_middleware.go:73.31,77.4 3 1
github.com/th1enq/server_management_system/internal/middleware/auth_middleware.go:79.3,79.11 1 1
github.com/th1enq/server_management_system/internal/middleware/auth_middleware.go:84.57,86.2 1 1
github.com/th1enq/server_management_system/internal/middleware/auth_middleware.go:89.77,90.30 1 1
github.com/th1enq/server_management_system/internal/middleware/auth_middleware.go:90.30,93.14 2 1
github.com/th1enq/server_management_system/internal/middleware/auth_middleware.go:93.14,97.4 3 0
github.com/th1enq/server_management_system/internal/middleware/auth_middleware.go:99.3,100.10 2 1
github.com/th1enq/server_management_system/internal/middleware/auth_middleware.go:100.10,104.4 3 0
github.com/th1enq/server_management_system/internal/middleware/auth_middleware.go:107.3,108.36 2 1
github.com/th1enq/server_management_system/internal/middleware/auth_middleware.go:108.36,109.38 1 1
github.com/th1enq/server_management_system/internal/middleware/auth_middleware.go:109.38,111.10 2 1
github.com/th1enq/server_management_system/internal/middleware/auth_middleware.go:115.3,115.16 1 1
github.com/th1enq/server_management_system/internal/middleware/auth_middleware.go:115.16,119.4 3 1
github.com/th1enq/server_management_system/internal/middleware/auth_middleware.go:121.3,121.11 1 1
github.com/th1enq/server_management_system/internal/middleware/auth_middleware.go:126.84,127.30 1 1
github.com/th1enq/server_management_system/internal/middleware/auth_middleware.go:127.30,130.14 2 1
github.com/th1enq/server_management_system/internal/middleware/auth_middleware.go:130.14,134.4 3 0
github.com/th1enq/server_management_system/internal/middleware/auth_middleware.go:136.3,137.10 2 1
github.com/th1enq/server_management_system/internal/middleware/auth_middleware.go:137.10,141.4 3 0
github.com/th1enq/server_management_system/internal/middleware/auth_middleware.go:144.3,145.40 2 1
github.com/th1enq/server_management_system/internal/middleware/auth_middleware.go:145.40,146.49 1 1
github.com/th1enq/server_management_system/internal/middleware/auth_middleware.go:146.49,147.43 1 1
github.com/th1enq/server_management_system/internal/middleware/auth_middleware.go:147.43,149.11 2 1
github.com/th1enq/server_management_system/internal/middleware/auth_middleware.go:152.4,152.16 1 1
github.com/th1enq/server_management_system/internal/middleware/auth_middleware.go:152.16,153.10 1 1
github.com/th1enq/server_management_system/internal/middleware/auth_middleware.go:157.3,157.16 1 1
github.com/th1enq/server_management_system/internal/middleware/auth_middleware.go:157.16,161.4 3 0
github.com/th1enq/server_management_system/internal/middleware/auth_middleware.go:163.3,163.11 1 1
github.com/th1enq/server_management_system/internal/middleware/auth_middleware.go:168.57,169.30 1 0
github.com/th1enq/server_management_system/internal/middleware/auth_middleware.go:169.30,171.18 2 0
github.com/th1enq/server_management_system/internal/middleware/auth_middleware.go:171.18,173.18 2 0
github.com/th1enq/server_management_system/internal/middleware/auth_middleware.go:173.18,181.5 6 0
github.com/th1enq/server_management_system/internal/middleware/auth_middleware.go:183.3,183.11 1 0
github.com/th1enq/server_management_system/internal/middleware/auth_middleware.go:188.72,190.22 2 1
github.com/th1enq/server_management_system/internal/middleware/auth_middleware.go:190.22,192.3 1 1
github.com/th1enq/server_management_system/internal/middleware/auth_middleware.go:195.2,195.47 1 1
github.com/th1enq/server_management_system/internal/middleware/auth_middleware.go:195.47,197.3 1 0
github.com/th1enq/server_management_system/internal/middleware/auth_middleware.go:200.2,200.50 1 1
github.com/th1enq/server_management_system/internal/middleware/auth_middleware.go:204.45,206.13 2 1
github.com/th1enq/server_management_system/internal/middleware/auth_middleware.go:206.13,208.3 1 0
github.com/th1enq/server_management_system/internal/middleware/auth_middleware.go:210.2,211.15 2 1
github.com/th1enq/server_management_system/internal/middleware/auth_middleware.go:215.49,217.13 2 1
github.com/th1enq/server_management_system/internal/middleware/auth_middleware.go:217.13,219.3 1 0
github.com/th1enq/server_management_system/internal/middleware/auth_middleware.go:221.2,222.17 2 1
github.com/th1enq/server_management_system/internal/middleware/auth_middleware.go:226.49,228.13 2 1
github.com/th1enq/server_management_system/internal/middleware/auth_middleware.go:228.13,230.3 1 0
github.com/th1enq/server_management_system/internal/middleware/auth_middleware.go:232.2,233.21 2 1
github.com/th1enq/server_management_system/internal/middleware/auth_middleware.go:237.57,239.13 2 1
github.com/th1enq/server_management_system/internal/middleware/auth_middleware.go:239.13,241.3 1 0
github.com/th1enq/server_management_system/internal/middleware/auth_middleware.go:243.2,244.23 2 1
github.com/th1enq/server_management_system/internal/middleware/auth_middleware.go:248.58,250.13 2 0
github.com/th1enq/server_management_system/internal/middleware/auth_middleware.go:250.13,252.3 1 0
github.com/th1enq/server_management_system/internal/middleware/auth_middleware.go:254.2,255.23 2 0
github.com/th1enq/server_management_system/internal/middleware/auth_middleware.go:259.58,261.13 2 0
github.com/th1enq/server_management_system/internal/middleware/auth_middleware.go:261.13,263.3 1 0
github.com/th1enq/server_management_system/internal/middleware/auth_middleware.go:265.2,265.31 1 0
github.com/th1enq/server_management_system/internal/middleware/auth_middleware.go:265.31,266.37 1 0
github.com/th1enq/server_management_system/internal/middleware/auth_middleware.go:266.37,268.4 1 0
github.com/th1enq/server_management_system/internal/middleware/auth_middleware.go:270.2,270.14 1 0
github.com/th1enq/server_management_system/internal/middleware/auth_middleware.go:274.65,276.13 2 0
github.com/th1enq/server_management_system/internal/middleware/auth_middleware.go:276.13,278.3 1 0
github.com/th1enq/server_management_system/internal/middleware/auth_middleware.go:280.2,280.35 1 0
github.com/th1enq/server_management_system/internal/middleware/auth_middleware.go:280.35,281.48 1 0
github.com/th1enq/server_management_system/internal/middleware/auth_middleware.go:281.48,282.42 1 0
github.com/th1enq/server_management_system/internal/middleware/auth_middleware.go:282.42,284.5 1 0
github.com/th1enq/server_management_system/internal/middleware/auth_middleware.go:287.2,287.14 1 0
github.com/th1enq/server_management_system/internal/repositories/server_repository.go:33.86,38.2 1 1
github.com/th1enq/server_management_system/internal/repositories/server_repository.go:41.80,43.97 2 1
github.com/th1enq/server_management_system/internal/repositories/server_repository.go:43.97,45.3 1 0
github.com/th1enq/server_management_system/internal/repositories/server_repository.go:46.2,46.18 1 1
github.com/th1enq/server_management_system/internal/repositories/server_repository.go:50.92,51.23 1 1
github.com/th1enq/server_management_system/internal/repositories/server_repository.go:51.23,53.3 1 0
github.com/th1enq/server_management_system/internal/repositories/server_repository.go:56.2,56.17 1 1
github.com/th1enq/server_management_system/internal/repositories/server_repository.go:56.17,58.3 1 1
github.com/th1enq/server_management_system/internal/repositories/server_repository.go:61.2,62.33 2 1
github.com/th1enq/server_management_system/internal/repositories/server_repository.go:62.33,75.3 1 1
github.com/th1enq/server_management_system/internal/repositories/server_repository.go:78.2,96.12 2 1
github.com/th1enq/server_management_system/internal/repositories/server_repository.go:100.106,104.2 3 1
github.com/th1enq/server_management_system/internal/repositories/server_repository.go:107.85,109.2 1 1
github.com/th1enq/server_management_system/internal/repositories/server_repository.go:112.71,114.2 1 1
github.com/th1enq/server_management_system/internal/repositories/server_repository.go:117.81,121.2 3 1
github.com/th1enq/server_management_system/internal/repositories/server_repository.go:124.90,126.71 2 1
github.com/th1enq/server_management_system/internal/repositories/server_repository.go:126.71,128.3 1 1
github.com/th1enq/server_management_system/internal/repositories/server_repository.go:129.2,129.21 1 1
github.com/th1enq/server_management_system/internal/repositories/server_repository.go:133.104,135.100 2 1
github.com/th1enq/server_management_system/internal/repositories/server_repository.go:135.100,137.3 1 1
github.com/th1enq/server_management_system/internal/repositories/server_repository.go:138.2,138.20 1 1
github.com/th1enq/server_management_system/internal/repositories/server_repository.go:142.108,144.104 2 1
github.com/th1enq/server_management_system/internal/repositories/server_repository.go:144.104,146.3 1 1
github.com/th1enq/server_management_system/internal/repositories/server_repository.go:147.2,147.20 1 1
github.com/th1enq/server_management_system/internal/repositories/server_repository.go:151.144,158.27 4 1
github.com/th1enq/server_management_system/internal/repositories/server_repository.go:158.27,160.3 1 1
github.com/th1enq/server_management_system/internal/repositories/server_repository.go:161.2,161.29 1 1
github.com/th1enq/server_management_system/internal/repositories/server_repository.go:161.29,163.3 1 1
github.com/th1enq/server_management_system/internal/repositories/server_repository.go:164.2,164.25 1 1
github.com/th1enq/server_management_system/internal/repositories/server_repository.go:164.25,166.3 1 1
github.com/th1enq/server_management_system/internal/repositories/server_repository.go:167.2,167.23 1 1
github.com/th1enq/server_management_system/internal/repositories/server_repository.go:167.23,169.3 1 1
github.com/th1enq/server_management_system/internal/repositories/server_repository.go:170.2,170.27 1 1
github.com/th1enq/server_management_system/internal/repositories/server_repository.go:170.27,172.3 1 1
github.com/th1enq/server_management_system/internal/repositories/server_repository.go:173.2,173.21 1 1
github.com/th1enq/server_management_system/internal/repositories/server_repository.go:173.21,175.3 1 1
github.com/th1enq/server_management_system/internal/repositories/server_repository.go:178.2,178.50 1 1
github.com/th1enq/server_management_system/internal/repositories/server_repository.go:178.50,180.3 1 0
github.com/th1enq/server_management_system/internal/repositories/server_repository.go:183.2,192.28 4 1
github.com/th1enq/server_management_system/internal/repositories/server_repository.go:196.85,198.2 1 1
github.com/th1enq/server_management_system/internal/repositories/server_repository.go:201.113,203.2 1 1
github.com/th1enq/server_management_system/internal/repositories/user_repository.go:24.52,28.2 1 1
github.com/th1enq/server_management_system/internal/repositories/user_repository.go:31.79,32.56 1 1
github.com/th1enq/server_management_system/internal/repositories/user_repository.go:32.56,34.3 1 0
github.com/th1enq/server_management_system/internal/repositories/user_repository.go:35.2,35.49 1 1
github.com/th1enq/server_management_system/internal/repositories/user_repository.go:39.69,41.2 1 1
github.com/th1enq/server_management_system/internal/repositories/user_repository.go:44.100,47.16 3 1
github.com/th1enq/server_management_system/internal/repositories/user_repository.go:47.16,49.3 1 1
github.com/th1enq/server_management_system/internal/repositories/user_repository.go:50.2,50.19 1 1
github.com/th1enq/server_management_system/internal/repositories/user_repository.go:54.86,57.16 3 1
github.com/th1enq/server_management_system/internal/repositories/user_repository.go:57.16,59.3 1 1
github.com/th1enq/server_management_system/internal/repositories/user_repository.go:60.2,60.19 1 1
github.com/th1enq/server_management_system/internal/repositories/user_repository.go:64.94,67.16 3 1
github.com/th1enq/server_management_system/internal/repositories/user_repository.go:67.16,69.3 1 1
github.com/th1enq/server_management_system/internal/repositories/user_repository.go:70.2,70.19 1 1
github.com/th1enq/server_management_system/internal/repositories/user_repository.go:74.95,77.16 3 1
github.com/th1enq/server_management_system/internal/repositories/user_repository.go:77.16,79.3 1 0
github.com/th1enq/server_management_system/internal/repositories/user_repository.go:80.2,80.19 1 1
github.com/th1enq/server_management_system/internal/repositories/user_repository.go:84.79,86.2 1 1
github.com/th1enq/server_management_system/internal/utils/excelize.go:12.35,26.37 2 0
github.com/th1enq/server_management_system/internal/utils/excelize.go:26.37,28.3 1 0
github.com/th1enq/server_management_system/internal/utils/excelize.go:30.2,30.43 1 0
github.com/th1enq/server_management_system/internal/utils/excelize.go:30.43,31.78 1 0
github.com/th1enq/server_management_system/internal/utils/excelize.go:31.78,33.4 1 0
github.com/th1enq/server_management_system/internal/utils/excelize.go:36.2,36.12 1 0
github.com/th1enq/server_management_system/internal/utils/excelize.go:40.57,41.19 1 0
github.com/th1enq/server_management_system/internal/utils/excelize.go:41.19,43.3 1 0
github.com/th1enq/server_management_system/internal/utils/excelize.go:45.2,56.27 2 0
github.com/th1enq/server_management_system/internal/utils/excelize.go:56.27,58.3 1 0
github.com/th1enq/server_management_system/internal/utils/excelize.go:59.2,59.29 1 0
github.com/th1enq/server_management_system/internal/utils/excelize.go:59.29,61.3 1 0
github.com/th1enq/server_management_system/internal/utils/excelize.go:64.2,64.18 1 0
github.com/th1enq/server_management_system/internal/utils/excelize.go:64.18,66.17 2 0
github.com/th1enq/server_management_system/internal/utils/excelize.go:66.17,68.4 1 0
github.com/th1enq/server_management_system/internal/utils/excelize.go:69.3,69.19 1 0
github.com/th1enq/server_management_system/internal/utils/excelize.go:73.2,73.18 1 0
github.com/th1enq/server_management_system/internal/utils/excelize.go:73.18,75.17 2 0
github.com/th1enq/server_management_system/internal/utils/excelize.go:75.17,77.4 1 0
github.com/th1enq/server_management_system/internal/utils/excelize.go:78.3,78.19 1 0
github.com/th1enq/server_management_system/internal/utils/excelize.go:82.2,82.18 1 0
github.com/th1enq/server_management_system/internal/utils/excelize.go:82.18,84.17 2 0
github.com/th1enq/server_management_system/internal/utils/excelize.go:84.17,86.4 1 0
github.com/th1enq/server_management_system/internal/utils/excelize.go:87.3,87.21 1 0
github.com/th1enq/server_management_system/internal/utils/excelize.go:91.2,91.25 1 0
github.com/th1enq/server_management_system/internal/utils/excelize.go:91.25,94.40 3 0
github.com/th1enq/server_management_system/internal/utils/excelize.go:94.40,95.31 1 0
github.com/th1enq/server_management_system/internal/utils/excelize.go:95.31,97.10 2 0
github.com/th1enq/server_management_system/internal/utils/excelize.go:100.3,100.15 1 0
github.com/th1enq/server_management_system/internal/utils/excelize.go:100.15,102.4 1 0
github.com/th1enq/server_management_system/internal/utils/excelize.go:103.8,105.3 1 0
github.com/th1enq/server_management_system/internal/utils/excelize.go:107.2,107.20 1 0
github.com/th1enq/server_management_system/internal/utils/log.go:13.63,15.16 2 0
github.com/th1enq/server_management_system/internal/utils/log.go:15.16,17.3 1 0
github.com/th1enq/server_management_system/internal/utils/log.go:19.2,19.52 1 0
github.com/th1enq/server_management_system/internal/utils/log.go:19.52,21.3 1 0
github.com/th1enq/server_management_system/internal/utils/log.go:23.2,62.20 7 0
github.com/th1enq/server_management_system/internal/utils/log.go:62.20,64.3 1 0
github.com/th1enq/server_management_system/internal/utils/log.go:66.2,66.29 1 0
github.com/th1enq/server_management_system/internal/utils/log.go:69.54,70.15 1 0
github.com/th1enq/server_management_system/internal/utils/log.go:71.15,72.46 1 0
github.com/th1enq/server_management_system/internal/utils/log.go:73.14,74.45 1 0
github.com/th1enq/server_management_system/internal/utils/log.go:75.14,76.45 1 0
github.com/th1enq/server_management_system/internal/utils/log.go:77.15,78.46 1 0
github.com/th1enq/server_management_system/internal/utils/log.go:79.15,80.46 1 0
github.com/th1enq/server_management_system/internal/utils/log.go:81.10,82.45 1 0
github.com/th1enq/server_management_system/internal/utils/log.go:86.75,89.2 1 0
github.com/th1enq/server_management_system/internal/utils/signal.go:8.45,12.2 3 0
github.com/th1enq/server_management_system/internal/worker/monitoring.go:22.127,29.2 1 0
github.com/th1enq/server_management_system/internal/worker/monitoring.go:31.36,42.6 6 0
github.com/th1enq/server_management_system/internal/worker/monitoring.go:42.6,43.10 1 0
github.com/th1enq/server_management_system/internal/worker/monitoring.go:44.19,45.20 1 0
github.com/th1enq/server_management_system/internal/worker/monitoring.go:46.21,48.10 2 0
github.com/th1enq/server_management_system/internal/worker/monitoring.go:53.35,55.2 1 0
github.com/th1enq/server_management_system/internal/worker/monitoring.go:57.43,63.16 4 0
github.com/th1enq/server_management_system/internal/worker/monitoring.go:63.16,66.3 2 0
github.com/th1enq/server_management_system/internal/worker/monitoring.go:68.2,70.33 2 0
github.com/th1enq/server_management_system/internal/worker/monitoring.go:70.33,72.3 1 0
github.com/th1enq/server_management_system/internal/worker/monitoring.go:75.83,80.23 3 0
github.com/th1enq/server_management_system/internal/worker/monitoring.go:80.23,83.17 3 0
github.com/th1enq/server_management_system/internal/worker/monitoring.go:83.17,86.4 2 0
github.com/th1enq/server_management_system/internal/worker/monitoring.go:89.2,89.29 1 0
github.com/th1enq/server_management_system/internal/worker/monitoring.go:89.29,91.17 2 0
github.com/th1enq/server_management_system/internal/worker/monitoring.go:91.17,97.4 1 0
github.com/th1enq/server_management_system/internal/worker/monitoring.go:100.2,105.3 2 0
github.com/th1enq/server_management_system/internal/wiring/wire_gen.go:29.109,31.16 2 0
github.com/th1enq/server_management_system/internal/wiring/wire_gen.go:31.16,33.3 1 0
github.com/th1enq/server_management_system/internal/wiring/wire_gen.go:34.2,37.16 4 0
github.com/th1enq/server_management_system/internal/wiring/wire_gen.go:37.16,39.3 1 0
github.com/th1enq/server_management_system/internal/wiring/wire_gen.go:40.2,42.16 3 0
github.com/th1enq/server_management_system/internal/wiring/wire_gen.go:42.16,45.3 2 0
github.com/th1enq/server_management_system/internal/wiring/wire_gen.go:46.2,47.16 2 0
github.com/th1enq/server_management_system/internal/wiring/wire_gen.go:47.16,51.3 3 0
github.com/th1enq/server_management_system/internal/wiring/wire_gen.go:52.2,55.16 4 0
github.com/th1enq/server_management_system/internal/wiring/wire_gen.go:55.16,60.3 4 0
github.com/th1enq/server_management_system/internal/wiring/wire_gen.go:61.2,66.16 6 0
github.com/th1enq/server_management_system/internal/wiring/wire_gen.go:66.16,72.3 5 0
github.com/th1enq/server_management_system/internal/wiring/wire_gen.go:73.2,87.34 15 0
github.com/th1enq/server_management_system/internal/wiring/wire_gen.go:87.34,93.3 5 0
github.com/th1enq/server_management_system/internal/services/auth_service.go:46.101,52.2 1 1
github.com/th1enq/server_management_system/internal/services/auth_service.go:55.100,58.16 2 1
github.com/th1enq/server_management_system/internal/services/auth_service.go:58.16,61.3 2 1
github.com/th1enq/server_management_system/internal/services/auth_service.go:64.2,64.20 1 1
github.com/th1enq/server_management_system/internal/services/auth_service.go:64.20,67.3 2 1
github.com/th1enq/server_management_system/internal/services/auth_service.go:70.2,70.53 1 1
github.com/th1enq/server_management_system/internal/services/auth_service.go:70.53,73.3 2 1
github.com/th1enq/server_management_system/internal/services/auth_service.go:76.2,77.16 2 1
github.com/th1enq/server_management_system/internal/services/auth_service.go:77.16,80.3 2 0
github.com/th1enq/server_management_system/internal/services/auth_service.go:82.2,83.16 2 1
github.com/th1enq/server_management_system/internal/services/auth_service.go:83.16,86.3 2 0
github.com/th1enq/server_management_system/internal/services/auth_service.go:88.2,93.35 4 1
github.com/th1enq/server_management_system/internal/services/auth_service.go:93.35,95.3 1 1
github.com/th1enq/server_management_system/internal/services/auth_service.go:97.2,104.8 1 1
github.com/th1enq/server_management_system/internal/services/auth_service.go:108.95,110.21 1 1
github.com/th1enq/server_management_system/internal/services/auth_service.go:110.21,112.3 1 1
github.com/th1enq/server_management_system/internal/services/auth_service.go:113.2,116.60 2 1
github.com/th1enq/server_management_system/internal/services/auth_service.go:116.60,119.3 2 1
github.com/th1enq/server_management_system/internal/services/auth_service.go:122.2,123.16 2 1
github.com/th1enq/server_management_system/internal/services/auth_service.go:123.16,126.3 2 0
github.com/th1enq/server_management_system/internal/services/auth_service.go:129.2,130.16 2 1
github.com/th1enq/server_management_system/internal/services/auth_service.go:130.16,133.3 2 0
github.com/th1enq/server_management_system/internal/services/auth_service.go:135.2,136.16 2 1
github.com/th1enq/server_management_system/internal/services/auth_service.go:136.16,139.3 2 0
github.com/th1enq/server_management_system/internal/services/auth_service.go:141.2,146.35 4 1
github.com/th1enq/server_management_system/internal/services/auth_service.go:146.35,148.3 1 1
github.com/th1enq/server_management_system/internal/services/auth_service.go:150.2,157.8 1 1
github.com/th1enq/server_management_system/internal/services/auth_service.go:161.74,162.104 1 1
github.com/th1enq/server_management_system/internal/services/auth_service.go:162.104,163.58 1 1
github.com/th1enq/server_management_system/internal/services/auth_service.go:163.58,165.4 1 0
github.com/th1enq/server_management_system/internal/services/auth_service.go:166.3,166.41 1 1
github.com/th1enq/server_management_system/internal/services/auth_service.go:169.2,169.16 1 1
github.com/th1enq/server_management_system/internal/services/auth_service.go:169.16,171.3 1 1
github.com/th1enq/server_management_system/internal/services/auth_service.go:173.2,173.61 1 1
github.com/th1enq/server_management_system/internal/services/auth_service.go:173.61,175.3 1 1
github.com/th1enq/server_management_system/internal/services/auth_service.go:177.2,177.48 1 0
github.com/th1enq/server_management_system/internal/services/auth_service.go:181.101,184.16 2 1
github.com/th1enq/server_management_system/internal/services/auth_service.go:184.16,186.3 1 1
github.com/th1enq/server_management_system/internal/services/auth_service.go:189.2,190.16 2 1
github.com/th1enq/server_management_system/internal/services/auth_service.go:190.16,192.3 1 1
github.com/th1enq/server_management_system/internal/services/auth_service.go:195.2,195.20 1 1
github.com/th1enq/server_management_system/internal/services/auth_service.go:195.20,197.3 1 1
github.com/th1enq/server_management_system/internal/services/auth_service.go:200.2,201.16 2 1
github.com/th1enq/server_management_system/internal/services/auth_service.go:201.16,203.3 1 0
github.com/th1enq/server_management_system/internal/services/auth_service.go:205.2,206.16 2 1
github.com/th1enq/server_management_system/internal/services/auth_service.go:206.16,208.3 1 0
github.com/th1enq/server_management_system/internal/services/auth_service.go:211.2,213.35 3 1
github.com/th1enq/server_management_system/internal/services/auth_service.go:213.35,215.3 1 1
github.com/th1enq/server_management_system/internal/services/auth_service.go:217.2,224.8 1 1
github.com/th1enq/server_management_system/internal/services/auth_service.go:228.70,233.2 2 1
github.com/th1enq/server_management_system/internal/services/auth_service.go:236.78,255.2 4 1
github.com/th1enq/server_management_system/internal/services/auth_service.go:258.79,277.2 4 1
github.com/th1enq/server_management_system/internal/services/report_service.go:34.133,41.2 1 1
github.com/th1enq/server_management_system/internal/services/report_service.go:44.119,46.16 2 1
github.com/th1enq/server_management_system/internal/services/report_service.go:46.16,48.3 1 1
github.com/th1enq/server_management_system/internal/services/report_service.go:50.2,53.16 3 1
github.com/th1enq/server_management_system/internal/services/report_service.go:53.16,55.3 1 1
github.com/th1enq/server_management_system/internal/services/report_service.go:57.2,58.48 2 1
github.com/th1enq/server_management_system/internal/services/report_service.go:58.48,60.3 1 1
github.com/th1enq/server_management_system/internal/services/report_service.go:62.2,75.41 7 1
github.com/th1enq/server_management_system/internal/services/report_service.go:75.41,77.3 1 1
github.com/th1enq/server_management_system/internal/services/report_service.go:79.2,84.12 2 0
github.com/th1enq/server_management_system/internal/services/report_service.go:88.131,89.30 1 1
github.com/th1enq/server_management_system/internal/services/report_service.go:89.30,91.3 1 1
github.com/th1enq/server_management_system/internal/services/report_service.go:93.2,94.16 2 1
github.com/th1enq/server_management_system/internal/services/report_service.go:94.16,96.3 1 0
github.com/th1enq/server_management_system/internal/services/report_service.go:98.2,100.55 2 1
github.com/th1enq/server_management_system/internal/services/report_service.go:103.87,108.16 4 1
github.com/th1enq/server_management_system/internal/services/report_service.go:108.16,110.3 1 0
github.com/th1enq/server_management_system/internal/services/report_service.go:112.2,115.55 3 1
github.com/th1enq/server_management_system/internal/services/report_service.go:118.122,120.16 2 1
github.com/th1enq/server_management_system/internal/services/report_service.go:120.16,122.3 1 1
github.com/th1enq/server_management_system/internal/services/report_service.go:124.2,128.16 4 1
github.com/th1enq/server_management_system/internal/services/report_service.go:128.16,131.3 2 0
github.com/th1enq/server_management_system/internal/services/report_service.go:133.2,143.20 2 1
github.com/th1enq/server_management_system/internal/services/report_service.go:146.139,148.16 2 1
github.com/th1enq/server_management_system/internal/services/report_service.go:148.16,150.3 1 1
github.com/th1enq/server_management_system/internal/services/report_service.go:151.2,151.23 1 1
github.com/th1enq/server_management_system/internal/services/report_service.go:151.23,153.3 1 1
github.com/th1enq/server_management_system/internal/services/report_service.go:155.2,158.33 3 1
github.com/th1enq/server_management_system/internal/services/report_service.go:158.33,160.17 2 1
github.com/th1enq/server_management_system/internal/services/report_service.go:160.17,162.12 2 1
github.com/th1enq/server_management_system/internal/services/report_service.go:164.3,168.24 2 1
github.com/th1enq/server_management_system/internal/services/report_service.go:170.2,170.63 1 1
github.com/th1enq/server_management_system/internal/services/report_service.go:173.133,175.40 1 1
github.com/th1enq/server_management_system/internal/services/report_service.go:175.40,177.3 1 1
github.com/th1enq/server_management_system/internal/services/report_service.go:179.2,179.30 1 1
github.com/th1enq/server_management_system/internal/services/report_service.go:179.30,181.3 1 1
github.com/th1enq/server_management_system/internal/services/report_service.go:184.2,184.23 1 1
github.com/th1enq/server_management_system/internal/services/report_service.go:184.23,186.3 1 0
github.com/th1enq/server_management_system/internal/services/report_service.go:188.2,209.16 3 1
github.com/th1enq/server_management_system/internal/services/report_service.go:209.16,211.3 1 1
github.com/th1enq/server_management_system/internal/services/report_service.go:212.2,214.19 2 1
github.com/th1enq/server_management_system/internal/services/report_service.go:214.19,216.3 1 0
github.com/th1enq/server_management_system/internal/services/report_service.go:218.2,226.64 2 1
github.com/th1enq/server_management_system/internal/services/report_service.go:226.64,228.3 1 1
github.com/th1enq/server_management_system/internal/services/report_service.go:231.2,231.30 1 1
github.com/th1enq/server_management_system/internal/services/report_service.go:231.30,234.3 1 1
github.com/th1enq/server_management_system/internal/services/report_service.go:237.2,246.41 6 1
github.com/th1enq/server_management_system/internal/services/report_service.go:246.41,250.47 3 1
github.com/th1enq/server_management_system/internal/services/report_service.go:250.47,252.4 1 1
github.com/th1enq/server_management_system/internal/services/report_service.go:253.8,256.3 1 1
github.com/th1enq/server_management_system/internal/services/report_service.go:259.2,259.43 1 1
github.com/th1enq/server_management_system/internal/services/report_service.go:259.43,266.42 4 1
github.com/th1enq/server_management_system/internal/services/report_service.go:266.42,268.4 1 1
github.com/th1enq/server_management_system/internal/services/report_service.go:270.3,271.33 2 1
github.com/th1enq/server_management_system/internal/services/report_service.go:275.2,275.30 1 1
github.com/th1enq/server_management_system/internal/services/report_service.go:275.30,279.42 3 1
github.com/th1enq/server_management_system/internal/services/report_service.go:279.42,281.4 1 1
github.com/th1enq/server_management_system/internal/services/report_service.go:285.2,285.24 1 1
github.com/th1enq/server_management_system/internal/services/report_service.go:285.24,287.3 1 0
github.com/th1enq/server_management_system/internal/services/report_service.go:290.2,291.20 2 1
github.com/th1enq/server_management_system/internal/services/report_service.go:291.20,293.3 1 0
github.com/th1enq/server_management_system/internal/services/report_service.go:293.8,293.29 1 1
github.com/th1enq/server_management_system/internal/services/report_service.go:293.29,295.3 1 0
github.com/th1enq/server_management_system/internal/services/report_service.go:297.2,297.24 1 1
github.com/th1enq/server_management_system/internal/services/server_service.go:41.126,47.2 1 1
github.com/th1enq/server_management_system/internal/services/server_service.go:50.88,51.54 1 1
github.com/th1enq/server_management_system/internal/services/server_service.go:51.54,53.3 1 1
github.com/th1enq/server_management_system/internal/services/server_service.go:54.2,55.21 2 1
github.com/th1enq/server_management_system/internal/services/server_service.go:55.21,57.3 1 1
github.com/th1enq/server_management_system/internal/services/server_service.go:59.2,60.21 2 1
github.com/th1enq/server_management_system/internal/services/server_service.go:60.21,62.3 1 1
github.com/th1enq/server_management_system/internal/services/server_service.go:64.2,65.16 2 1
github.com/th1enq/server_management_system/internal/services/server_service.go:65.16,67.3 1 1
github.com/th1enq/server_management_system/internal/services/server_service.go:69.2,75.12 2 1
github.com/th1enq/server_management_system/internal/services/server_service.go:79.74,81.16 2 1
github.com/th1enq/server_management_system/internal/services/server_service.go:81.16,83.3 1 1
github.com/th1enq/server_management_system/internal/services/server_service.go:84.2,84.53 1 1
github.com/th1enq/server_management_system/internal/services/server_service.go:84.53,86.3 1 1
github.com/th1enq/server_management_system/internal/services/server_service.go:88.2,94.12 2 1
github.com/th1enq/server_management_system/internal/services/server_service.go:98.107,100.16 2 1
github.com/th1enq/server_management_system/internal/services/server_service.go:100.16,102.3 1 1
github.com/th1enq/server_management_system/internal/services/server_service.go:103.2,106.22 3 1
github.com/th1enq/server_management_system/internal/services/server_service.go:106.22,108.3 1 0
github.com/th1enq/server_management_system/internal/services/server_service.go:111.2,112.16 2 1
github.com/th1enq/server_management_system/internal/services/server_service.go:112.16,114.3 1 0
github.com/th1enq/server_management_system/internal/services/server_service.go:116.2,117.18 2 1
github.com/th1enq/server_management_system/internal/services/server_service.go:117.18,119.3 1 1
github.com/th1enq/server_management_system/internal/services/server_service.go:121.2,132.22 3 1
github.com/th1enq/server_management_system/internal/services/server_service.go:132.22,134.17 2 1
github.com/th1enq/server_management_system/internal/services/server_service.go:134.17,136.4 1 1
github.com/th1enq/server_management_system/internal/services/server_service.go:139.2,142.36 2 1
github.com/th1enq/server_management_system/internal/services/server_service.go:142.36,146.17 3 1
github.com/th1enq/server_management_system/internal/services/server_service.go:146.17,150.12 3 1
github.com/th1enq/server_management_system/internal/services/server_service.go:152.3,152.36 1 1
github.com/th1enq/server_management_system/internal/services/server_service.go:155.2,155.23 1 1
github.com/th1enq/server_management_system/internal/services/server_service.go:155.23,162.3 2 1
github.com/th1enq/server_management_system/internal/services/server_service.go:165.2,168.47 3 1
github.com/th1enq/server_management_system/internal/services/server_service.go:168.47,170.25 2 1
github.com/th1enq/server_management_system/internal/services/server_service.go:170.25,172.4 1 1
github.com/th1enq/server_management_system/internal/services/server_service.go:173.3,173.44 1 1
github.com/th1enq/server_management_system/internal/services/server_service.go:177.2,181.41 3 1
github.com/th1enq/server_management_system/internal/services/server_service.go:181.41,193.28 4 1
github.com/th1enq/server_management_system/internal/services/server_service.go:193.28,196.70 1 1
github.com/th1enq/server_management_system/internal/services/server_service.go:196.70,198.37 1 1
github.com/th1enq/server_management_system/internal/services/server_service.go:198.37,199.58 1 1
github.com/th1enq/server_management_system/internal/services/server_service.go:199.58,205.7 4 1
github.com/th1enq/server_management_system/internal/services/server_service.go:205.12,210.7 4 1
github.com/th1enq/server_management_system/internal/services/server_service.go:212.10,216.37 3 1
github.com/th1enq/server_management_system/internal/services/server_service.go:216.37,218.6 1 1
github.com/th1enq/server_management_system/internal/services/server_service.go:219.5,219.16 1 1
github.com/th1enq/server_management_system/internal/services/server_service.go:225.2,234.20 3 1
github.com/th1enq/server_management_system/internal/services/server_service.go:238.134,240.16 2 1
github.com/th1enq/server_management_system/internal/services/server_service.go:240.16,242.3 1 1
github.com/th1enq/server_management_system/internal/services/server_service.go:244.2,246.16 3 1
github.com/th1enq/server_management_system/internal/services/server_service.go:246.16,248.3 1 0
github.com/th1enq/server_management_system/internal/services/server_service.go:250.2,250.40 1 1
github.com/th1enq/server_management_system/internal/services/server_service.go:250.40,263.17 3 1
github.com/th1enq/server_management_system/internal/services/server_service.go:263.17,265.4 1 0
github.com/th1enq/server_management_system/internal/services/server_service.go:267.2,267.45 1 1
github.com/th1enq/server_management_system/internal/services/server_service.go:267.45,269.3 1 0
github.com/th1enq/server_management_system/internal/services/server_service.go:270.2,271.46 2 1
github.com/th1enq/server_management_system/internal/services/server_service.go:271.46,273.3 1 1
github.com/th1enq/server_management_system/internal/services/server_service.go:275.2,280.22 2 1
github.com/th1enq/server_management_system/internal/services/server_service.go:284.89,290.16 3 1
github.com/th1enq/server_management_system/internal/services/server_service.go:290.16,293.69 2 1
github.com/th1enq/server_management_system/internal/services/server_service.go:293.69,295.4 1 1
github.com/th1enq/server_management_system/internal/services/server_service.go:299.2,300.16 2 1
github.com/th1enq/server_management_system/internal/services/server_service.go:300.16,302.3 1 1
github.com/th1enq/server_management_system/internal/services/server_service.go:305.2,305.57 1 1
github.com/th1enq/server_management_system/internal/services/server_service.go:305.57,307.3 1 1
github.com/th1enq/server_management_system/internal/services/server_service.go:309.2,309.20 1 1
github.com/th1enq/server_management_system/internal/services/server_service.go:313.87,317.16 3 1
github.com/th1enq/server_management_system/internal/services/server_service.go:317.16,320.67 2 1
github.com/th1enq/server_management_system/internal/services/server_service.go:320.67,322.4 1 1
github.com/th1enq/server_management_system/internal/services/server_service.go:326.2,330.58 3 1
github.com/th1enq/server_management_system/internal/services/server_service.go:330.58,332.3 1 1
github.com/th1enq/server_management_system/internal/services/server_service.go:333.2,343.55 6 1
github.com/th1enq/server_management_system/internal/services/server_service.go:343.55,345.3 1 1
github.com/th1enq/server_management_system/internal/services/server_service.go:347.2,347.19 1 1
github.com/th1enq/server_management_system/internal/services/server_service.go:351.152,353.16 2 1
github.com/th1enq/server_management_system/internal/services/server_service.go:353.16,355.3 1 1
github.com/th1enq/server_management_system/internal/services/server_service.go:357.2,364.22 2 1
github.com/th1enq/server_management_system/internal/services/server_service.go:368.124,370.16 2 1
github.com/th1enq/server_management_system/internal/services/server_service.go:370.16,372.3 1 1
github.com/th1enq/server_management_system/internal/services/server_service.go:374.2,377.34 3 1
github.com/th1enq/server_management_system/internal/services/server_service.go:377.34,378.14 1 1
github.com/th1enq/server_management_system/internal/services/server_service.go:379.22,380.67 1 1
github.com/th1enq/server_management_system/internal/services/server_service.go:380.67,382.52 2 1
github.com/th1enq/server_management_system/internal/services/server_service.go:382.52,384.6 1 1
github.com/th1enq/server_management_system/internal/services/server_service.go:385.5,385.29 1 1
github.com/th1enq/server_management_system/internal/services/server_service.go:387.17,388.40 1 1
github.com/th1enq/server_management_system/internal/services/server_service.go:388.40,390.5 1 1
github.com/th1enq/server_management_system/internal/services/server_service.go:391.15,392.38 1 1
github.com/th1enq/server_management_system/internal/services/server_service.go:392.38,394.5 1 1
github.com/th1enq/server_management_system/internal/services/server_service.go:395.19,396.37 1 1
github.com/th1enq/server_management_system/internal/services/server_service.go:396.37,398.5 1 1
github.com/th1enq/server_management_system/internal/services/server_service.go:399.13,400.36 1 1
github.com/th1enq/server_management_system/internal/services/server_service.go:400.36,402.5 1 1
github.com/th1enq/server_management_system/internal/services/server_service.go:403.14,404.38 1 1
github.com/th1enq/server_management_system/internal/services/server_service.go:404.38,406.5 1 1
github.com/th1enq/server_management_system/internal/services/server_service.go:407.14,408.38 1 1
github.com/th1enq/server_management_system/internal/services/server_service.go:408.38,410.5 1 1
github.com/th1enq/server_management_system/internal/services/server_service.go:411.15,412.39 1 1
github.com/th1enq/server_management_system/internal/services/server_service.go:412.39,414.5 1 1
github.com/th1enq/server_management_system/internal/services/server_service.go:417.2,417.57 1 1
github.com/th1enq/server_management_system/internal/services/server_service.go:417.57,419.3 1 1
github.com/th1enq/server_management_system/internal/services/server_service.go:422.2,430.20 3 1
github.com/th1enq/server_management_system/internal/services/server_service.go:434.116,437.16 2 1
github.com/th1enq/server_management_system/internal/services/server_service.go:437.16,439.3 1 1
github.com/th1enq/server_management_system/internal/services/server_service.go:442.2,442.73 1 1
github.com/th1enq/server_management_system/internal/services/server_service.go:442.73,444.3 1 1
github.com/th1enq/server_management_system/internal/services/server_service.go:447.2,454.12 3 1
github.com/th1enq/server_management_system/internal/services/server_service.go:457.85,463.16 3 1
github.com/th1enq/server_management_system/internal/services/server_service.go:463.16,466.71 2 1
github.com/th1enq/server_management_system/internal/services/server_service.go:466.71,468.4 1 1
github.com/th1enq/server_management_system/internal/services/server_service.go:472.2,473.16 2 1
github.com/th1enq/server_management_system/internal/services/server_service.go:473.16,475.3 1 1
github.com/th1enq/server_management_system/internal/services/server_service.go:478.2,478.59 1 1
github.com/th1enq/server_management_system/internal/services/server_service.go:478.59,480.3 1 1
github.com/th1enq/server_management_system/internal/services/server_service.go:482.2,482.21 1 1
github.com/th1enq/server_management_system/internal/services/server_service.go:486.92,495.2 3 1
github.com/th1enq/server_management_system/internal/services/server_service.go:497.70,502.16 3 1
github.com/th1enq/server_management_system/internal/services/server_service.go:502.16,505.3 2 1
github.com/th1enq/server_management_system/internal/services/server_service.go:507.2,509.33 2 1
github.com/th1enq/server_management_system/internal/services/server_service.go:509.33,511.3 1 1
github.com/th1enq/server_management_system/internal/services/server_service.go:512.2,512.12 1 1
github.com/th1enq/server_management_system/internal/services/server_service.go:515.80,520.23 3 1
github.com/th1enq/server_management_system/internal/services/server_service.go:520.23,523.17 3 1
github.com/th1enq/server_management_system/internal/services/server_service.go:523.17,526.4 2 0
github.com/th1enq/server_management_system/internal/services/server_service.go:529.2,529.29 1 1
github.com/th1enq/server_management_system/internal/services/server_service.go:529.29,531.17 2 1
github.com/th1enq/server_management_system/internal/services/server_service.go:531.17,537.4 1 1
github.com/th1enq/server_management_system/internal/services/server_service.go:540.2,545.3 2 1
github.com/th1enq/server_management_system/internal/services/user_service.go:27.91,32.2 1 1
github.com/th1enq/server_management_system/internal/services/user_service.go:35.80,36.48 1 1
github.com/th1enq/server_management_system/internal/services/user_service.go:36.48,38.3 1 1
github.com/th1enq/server_management_system/internal/services/user_service.go:39.2,39.22 1 1
github.com/th1enq/server_management_system/internal/services/user_service.go:39.22,41.3 1 1
github.com/th1enq/server_management_system/internal/services/user_service.go:43.2,44.21 2 1
github.com/th1enq/server_management_system/internal/services/user_service.go:44.21,46.3 1 1
github.com/th1enq/server_management_system/internal/services/user_service.go:48.2,49.16 2 1
github.com/th1enq/server_management_system/internal/services/user_service.go:49.16,51.3 1 1
github.com/th1enq/server_management_system/internal/services/user_service.go:52.2,52.12 1 1
github.com/th1enq/server_management_system/internal/services/user_service.go:56.70,58.16 2 1
github.com/th1enq/server_management_system/internal/services/user_service.go:58.16,60.3 1 1
github.com/th1enq/server_management_system/internal/services/user_service.go:61.2,61.51 1 1
github.com/th1enq/server_management_system/internal/services/user_service.go:61.51,63.3 1 1
github.com/th1enq/server_management_system/internal/services/user_service.go:65.2,71.12 2 1
github.com/th1enq/server_management_system/internal/services/user_service.go:75.118,77.16 2 1
github.com/th1enq/server_management_system/internal/services/user_service.go:77.16,79.3 1 1
github.com/th1enq/server_management_system/internal/services/user_service.go:81.2,81.23 1 1
github.com/th1enq/server_management_system/internal/services/user_service.go:81.23,83.3 1 1
github.com/th1enq/server_management_system/internal/services/user_service.go:85.2,85.34 1 1
github.com/th1enq/server_management_system/internal/services/user_service.go:85.34,86.14 1 1
github.com/th1enq/server_management_system/internal/services/user_service.go:87.15,88.38 1 1
github.com/th1enq/server_management_system/internal/services/user_service.go:88.38,89.17 1 1
github.com/th1enq/server_management_system/internal/services/user_service.go:90.35,91.34 1 1
github.com/th1enq/server_management_system/internal/services/user_service.go:92.34,93.33 1 1
github.com/th1enq/server_management_system/internal/services/user_service.go:94.13,95.60 1 1
github.com/th1enq/server_management_system/internal/services/user_service.go:97.10,99.5 1 1
github.com/th1enq/server_management_system/internal/services/user_service.go:100.19,101.60 1 1
github.com/th1enq/server_management_system/internal/services/user_service.go:101.60,102.54 1 1
github.com/th1enq/server_management_system/internal/services/user_service.go:102.54,104.6 1 0
github.com/th1enq/server_management_system/internal/services/user_service.go:105.10,107.5 1 1
github.com/th1enq/server_management_system/internal/services/user_service.go:111.2,111.53 1 1
github.com/th1enq/server_management_system/internal/services/user_service.go:111.53,113.3 1 1
github.com/th1enq/server_management_system/internal/services/user_service.go:115.2,122.18 2 1
github.com/th1enq/server_management_system/internal/services/user_service.go:126.87,128.16 2 1
github.com/th1enq/server_management_system/internal/services/user_service.go:128.16,130.3 1 1
github.com/th1enq/server_management_system/internal/services/user_service.go:131.2,131.18 1 1
github.com/th1enq/server_management_system/internal/services/user_service.go:135.101,137.16 2 1
github.com/th1enq/server_management_system/internal/services/user_service.go:137.16,139.3 1 1
github.com/th1enq/server_management_system/internal/services/user_service.go:140.2,140.18 1 1
github.com/th1enq/server_management_system/internal/services/user_service.go:144.95,146.16 2 1
github.com/th1enq/server_management_system/internal/services/user_service.go:146.16,148.3 1 1
github.com/th1enq/server_management_system/internal/services/user_service.go:149.2,149.18 1 1
github.com/th1enq/server_management_system/internal/services/user_service.go:153.97,155.16 2 1
github.com/th1enq/server_management_system/internal/services/user_service.go:155.16,157.3 1 1
github.com/th1enq/server_management_system/internal/services/user_service.go:158.2,158.19 1 1
