mode: atomic
github.com/th1enq/server_management_system/internal/repositories/server_repository.go:33.86,38.2 1 16
github.com/th1enq/server_management_system/internal/repositories/server_repository.go:41.80,43.97 2 2
github.com/th1enq/server_management_system/internal/repositories/server_repository.go:43.97,45.3 1 0
github.com/th1enq/server_management_system/internal/repositories/server_repository.go:46.2,46.18 1 2
github.com/th1enq/server_management_system/internal/repositories/server_repository.go:50.92,51.23 1 2
github.com/th1enq/server_management_system/internal/repositories/server_repository.go:51.23,53.3 1 0
github.com/th1enq/server_management_system/internal/repositories/server_repository.go:56.2,56.17 1 2
github.com/th1enq/server_management_system/internal/repositories/server_repository.go:56.17,58.3 1 1
github.com/th1enq/server_management_system/internal/repositories/server_repository.go:61.2,62.33 2 1
github.com/th1enq/server_management_system/internal/repositories/server_repository.go:62.33,75.3 1 2
github.com/th1enq/server_management_system/internal/repositories/server_repository.go:78.2,96.12 2 1
github.com/th1enq/server_management_system/internal/repositories/server_repository.go:100.106,104.2 3 2
github.com/th1enq/server_management_system/internal/repositories/server_repository.go:107.85,109.2 1 17
github.com/th1enq/server_management_system/internal/repositories/server_repository.go:112.71,114.2 1 1
github.com/th1enq/server_management_system/internal/repositories/server_repository.go:117.81,121.2 3 1
github.com/th1enq/server_management_system/internal/repositories/server_repository.go:124.90,126.71 2 3
github.com/th1enq/server_management_system/internal/repositories/server_repository.go:126.71,128.3 1 1
github.com/th1enq/server_management_system/internal/repositories/server_repository.go:129.2,129.21 1 2
github.com/th1enq/server_management_system/internal/repositories/server_repository.go:133.104,135.100 2 5
github.com/th1enq/server_management_system/internal/repositories/server_repository.go:135.100,137.3 1 1
github.com/th1enq/server_management_system/internal/repositories/server_repository.go:138.2,138.20 1 4
github.com/th1enq/server_management_system/internal/repositories/server_repository.go:142.108,144.104 2 2
github.com/th1enq/server_management_system/internal/repositories/server_repository.go:144.104,146.3 1 1
github.com/th1enq/server_management_system/internal/repositories/server_repository.go:147.2,147.20 1 1
github.com/th1enq/server_management_system/internal/repositories/server_repository.go:151.144,158.27 4 3
github.com/th1enq/server_management_system/internal/repositories/server_repository.go:158.27,160.3 1 1
github.com/th1enq/server_management_system/internal/repositories/server_repository.go:161.2,161.29 1 3
github.com/th1enq/server_management_system/internal/repositories/server_repository.go:161.29,163.3 1 1
github.com/th1enq/server_management_system/internal/repositories/server_repository.go:164.2,164.25 1 3
github.com/th1enq/server_management_system/internal/repositories/server_repository.go:164.25,166.3 1 2
github.com/th1enq/server_management_system/internal/repositories/server_repository.go:167.2,167.23 1 3
github.com/th1enq/server_management_system/internal/repositories/server_repository.go:167.23,169.3 1 1
github.com/th1enq/server_management_system/internal/repositories/server_repository.go:170.2,170.27 1 3
github.com/th1enq/server_management_system/internal/repositories/server_repository.go:170.27,172.3 1 1
github.com/th1enq/server_management_system/internal/repositories/server_repository.go:173.2,173.21 1 3
github.com/th1enq/server_management_system/internal/repositories/server_repository.go:173.21,175.3 1 1
github.com/th1enq/server_management_system/internal/repositories/server_repository.go:178.2,178.50 1 3
github.com/th1enq/server_management_system/internal/repositories/server_repository.go:178.50,180.3 1 0
github.com/th1enq/server_management_system/internal/repositories/server_repository.go:183.2,192.28 4 3
github.com/th1enq/server_management_system/internal/repositories/server_repository.go:196.85,198.2 1 1
github.com/th1enq/server_management_system/internal/repositories/server_repository.go:201.113,203.2 1 1
github.com/th1enq/server_management_system/internal/repositories/user_repository.go:26.52,30.2 1 15
github.com/th1enq/server_management_system/internal/repositories/user_repository.go:33.79,34.56 1 14
github.com/th1enq/server_management_system/internal/repositories/user_repository.go:34.56,36.3 1 0
github.com/th1enq/server_management_system/internal/repositories/user_repository.go:37.2,37.49 1 14
github.com/th1enq/server_management_system/internal/repositories/user_repository.go:41.69,43.2 1 1
github.com/th1enq/server_management_system/internal/repositories/user_repository.go:46.100,49.16 3 2
github.com/th1enq/server_management_system/internal/repositories/user_repository.go:49.16,51.3 1 1
github.com/th1enq/server_management_system/internal/repositories/user_repository.go:52.2,52.19 1 1
github.com/th1enq/server_management_system/internal/repositories/user_repository.go:56.86,59.16 3 5
github.com/th1enq/server_management_system/internal/repositories/user_repository.go:59.16,61.3 1 2
github.com/th1enq/server_management_system/internal/repositories/user_repository.go:62.2,62.19 1 3
github.com/th1enq/server_management_system/internal/repositories/user_repository.go:66.94,69.16 3 2
github.com/th1enq/server_management_system/internal/repositories/user_repository.go:69.16,71.3 1 1
github.com/th1enq/server_management_system/internal/repositories/user_repository.go:72.2,72.19 1 1
github.com/th1enq/server_management_system/internal/repositories/user_repository.go:76.95,79.16 3 4
github.com/th1enq/server_management_system/internal/repositories/user_repository.go:79.16,81.3 1 0
github.com/th1enq/server_management_system/internal/repositories/user_repository.go:82.2,82.19 1 4
github.com/th1enq/server_management_system/internal/repositories/user_repository.go:86.79,88.2 1 1
github.com/th1enq/server_management_system/internal/repositories/user_repository.go:91.82,93.2 1 2
